<?xml version="1.0" encoding="UTF-8"?>
<testsuite xmlns:xsi="http://www.w3.org/2001/XMLSchema-instance" xsi:noNamespaceSchemaLocation="https://maven.apache.org/surefire/maven-surefire-plugin/xsd/surefire-test-report-3.0.xsd" version="3.0" name="com.ssdl.dsa.sorting.SortingTest" time="0.086" tests="4" errors="0" skipped="0" failures="0">
  <properties>
[...]
</properties>
  <testcase name="testSingleElement" classname="com.ssdl.dsa.sorting.SortingTest" time="0.034"/>
  <testcase name="testEmptyElement" classname="com.ssdl.dsa.sorting.SortingTest" time="0.0"/>
  <testcase name="testBubbleSort" classname="com.ssdl.dsa.sorting.SortingTest" time="0.017"/>
  <testcase name="testDoubleElement" classname="com.ssdl.dsa.sorting.SortingTest" time="0.002"/>
</testsuite>